{"log":
 [{"message":
   ".> LEAN_PATH=././.lake/build/lib DYLD_LIBRARY_PATH= /Users/sullivan/.elan/toolchains/leanprover--lean4---stable/bin/lean ././././DMT1/hw/hw3/interpretation.lean -R ./././. -o ././.lake/build/lib/DMT1/hw/hw3/interpretation.olean -i ././.lake/build/lib/DMT1/hw/hw3/interpretation.ilean -c ././.lake/build/ir/DMT1/hw/hw3/interpretation.c --json",
   "level": "trace"},
  {"message":
   "././././DMT1/hw/hw3/interpretation.lean:29:41: unused variable `v`\nnote: this linter can be disabled with `set_option linter.unusedVariables false`",
   "level": "warning"},
  {"message": "././././DMT1/hw/hw3/interpretation.lean:48:0: false",
   "level": "info"},
  {"message": "././././DMT1/hw/hw3/interpretation.lean:49:0: true",
   "level": "info"},
  {"message": "././././DMT1/hw/hw3/interpretation.lean:50:0: true",
   "level": "info"},
  {"message": "././././DMT1/hw/hw3/interpretation.lean:51:0: false",
   "level": "info"},
  {"message": "././././DMT1/hw/hw3/interpretation.lean:58:0: true",
   "level": "info"},
  {"message": "././././DMT1/hw/hw3/interpretation.lean:59:0: false",
   "level": "info"},
  {"message": "././././DMT1/hw/hw3/interpretation.lean:60:0: true",
   "level": "info"},
  {"message": "././././DMT1/hw/hw3/interpretation.lean:61:0: false",
   "level": "info"},
  {"message": "././././DMT1/hw/hw3/interpretation.lean:80:0: false",
   "level": "info"},
  {"message": "././././DMT1/hw/hw3/interpretation.lean:81:0: true",
   "level": "info"},
  {"message": "././././DMT1/hw/hw3/interpretation.lean:82:0: false",
   "level": "info"},
  {"message": "././././DMT1/hw/hw3/interpretation.lean:83:0: true",
   "level": "info"},
  {"message": "././././DMT1/hw/hw3/interpretation.lean:168:0: false",
   "level": "info"},
  {"message": "././././DMT1/hw/hw3/interpretation.lean:170:0: true",
   "level": "info"},
  {"message": "././././DMT1/hw/hw3/interpretation.lean:214:0: true",
   "level": "info"},
  {"message":
   "././././DMT1/hw/hw3/interpretation.lean:276:0: [false, false, false]",
   "level": "info"},
  {"message":
   "././././DMT1/hw/hw3/interpretation.lean:297:0: [[true, true, true], [true, true, false], [true, false, true], [true, false, false], [false, true, true],\n  [false, true, false], [false, false, true], [false, false, false]]",
   "level": "info"},
  {"message":
   "././././DMT1/hw/hw3/interpretation.lean:310:0: [[true, true, true, false, false], [true, true, false, false, false], [true, false, true, false, false],\n  [true, false, false, false, false], [false, true, true, false, false], [false, true, false, false, false],\n  [false, false, true, false, false], [false, false, false, false, false]]",
   "level": "info"},
  {"message":
   "././././DMT1/hw/hw3/interpretation.lean:359:0: [[true, true, true], [true, true, false], [true, false, true], [true, false, false], [false, true, true],\n  [false, true, false], [false, false, true], [false, false, false]]",
   "level": "info"}],
 "depHash": "2693780053804108141"}