{"log":
 [{"message":
   ".> LEAN_PATH=././.lake/packages/Cli/.lake/build/lib:././.lake/packages/batteries/.lake/build/lib:././.lake/packages/Qq/.lake/build/lib:././.lake/packages/aesop/.lake/build/lib:././.lake/packages/proofwidgets/.lake/build/lib:././.lake/packages/importGraph/.lake/build/lib:././.lake/packages/LeanSearchClient/.lake/build/lib:././.lake/packages/plausible/.lake/build/lib:././.lake/packages/mathlib/.lake/build/lib:././.lake/build/lib DYLD_LIBRARY_PATH=././.lake/build/lib:././.lake/packages/mathlib/.lake/build/lib:././.lake/packages/plausible/.lake/build/lib:././.lake/packages/LeanSearchClient/.lake/build/lib:././.lake/packages/importGraph/.lake/build/lib:././.lake/packages/proofwidgets/.lake/build/lib:././.lake/packages/aesop/.lake/build/lib:././.lake/packages/Qq/.lake/build/lib:././.lake/packages/batteries/.lake/build/lib:././.lake/packages/Cli/.lake/build/lib:/Users/sullivan/.elan/toolchains/leanprover--lean4---v4.16.0-rc2/lib/lean:/Users/sullivan/.elan/toolchains/leanprover--lean4---v4.16.0-rc2/lib /Users/sullivan/.elan/toolchains/leanprover--lean4---v4.16.0-rc2/bin/lean ././././DMT1/Lectures/L04_nat_arithmetic/arithLang.lean -R ./././. -o ././.lake/build/lib/DMT1/Lectures/L04_nat_arithmetic/arithLang.olean -i ././.lake/build/lib/DMT1/Lectures/L04_nat_arithmetic/arithLang.ilean -c ././.lake/build/ir/DMT1/Lectures/L04_nat_arithmetic/arithLang.c --json",
   "level": "trace"},
  {"message":
   "././././DMT1/Lectures/L04_nat_arithmetic/arithLang.lean:82:34: unused variable `i`\nnote: this linter can be disabled with `set_option linter.unusedVariables false`",
   "level": "warning"},
  {"message":
   "././././DMT1/Lectures/L04_nat_arithmetic/arithLang.lean:84:12: unused variable `op`\nnote: this linter can be disabled with `set_option linter.unusedVariables false`",
   "level": "warning"},
  {"message":
   "././././DMT1/Lectures/L04_nat_arithmetic/arithLang.lean:84:15: unused variable `e`\nnote: this linter can be disabled with `set_option linter.unusedVariables false`",
   "level": "warning"},
  {"message":
   "././././DMT1/Lectures/L04_nat_arithmetic/arithLang.lean:84:33: unused variable `i`\nnote: this linter can be disabled with `set_option linter.unusedVariables false`",
   "level": "warning"},
  {"message":
   "././././DMT1/Lectures/L04_nat_arithmetic/arithLang.lean:85:13: unused variable `op`\nnote: this linter can be disabled with `set_option linter.unusedVariables false`",
   "level": "warning"},
  {"message":
   "././././DMT1/Lectures/L04_nat_arithmetic/arithLang.lean:85:16: unused variable `e1`\nnote: this linter can be disabled with `set_option linter.unusedVariables false`",
   "level": "warning"},
  {"message":
   "././././DMT1/Lectures/L04_nat_arithmetic/arithLang.lean:85:19: unused variable `e2`\nnote: this linter can be disabled with `set_option linter.unusedVariables false`",
   "level": "warning"},
  {"message":
   "././././DMT1/Lectures/L04_nat_arithmetic/arithLang.lean:85:33: unused variable `i`\nnote: this linter can be disabled with `set_option linter.unusedVariables false`",
   "level": "warning"}],
 "depHash": "11142558751102792040"}