{"log":
 [{"message":
   ".> LEAN_PATH=././.lake/packages/Cli/.lake/build/lib:././.lake/packages/batteries/.lake/build/lib:././.lake/packages/Qq/.lake/build/lib:././.lake/packages/aesop/.lake/build/lib:././.lake/packages/proofwidgets/.lake/build/lib:././.lake/packages/importGraph/.lake/build/lib:././.lake/packages/LeanSearchClient/.lake/build/lib:././.lake/packages/plausible/.lake/build/lib:././.lake/packages/mathlib/.lake/build/lib:././.lake/build/lib DYLD_LIBRARY_PATH=././.lake/build/lib:././.lake/packages/mathlib/.lake/build/lib:././.lake/packages/plausible/.lake/build/lib:././.lake/packages/LeanSearchClient/.lake/build/lib:././.lake/packages/importGraph/.lake/build/lib:././.lake/packages/proofwidgets/.lake/build/lib:././.lake/packages/aesop/.lake/build/lib:././.lake/packages/Qq/.lake/build/lib:././.lake/packages/batteries/.lake/build/lib:././.lake/packages/Cli/.lake/build/lib:/Users/sullivan/.elan/toolchains/leanprover--lean4---v4.16.0-rc2/lib/lean:/Users/sullivan/.elan/toolchains/leanprover--lean4---v4.16.0-rc2/lib /Users/sullivan/.elan/toolchains/leanprover--lean4---v4.16.0-rc2/bin/lean ././././DMT1/Lectures/L04_nat_arithmetic/demo.lean -R ./././. -o ././.lake/build/lib/DMT1/Lectures/L04_nat_arithmetic/demo.olean -i ././.lake/build/lib/DMT1/Lectures/L04_nat_arithmetic/demo.ilean -c ././.lake/build/ir/DMT1/Lectures/L04_nat_arithmetic/demo.c --json",
   "level": "trace"},
  {"message":
   "././././DMT1/Lectures/L04_nat_arithmetic/demo.lean:13:0: DMT1.Lectures.nat_arithmetic.arithLang.Expr : Type",
   "level": "info"},
  {"message": "././././DMT1/Lectures/L04_nat_arithmetic/demo.lean:46:0: 2",
   "level": "info"},
  {"message": "././././DMT1/Lectures/L04_nat_arithmetic/demo.lean:47:0: 5",
   "level": "info"},
  {"message": "././././DMT1/Lectures/L04_nat_arithmetic/demo.lean:48:0: 9",
   "level": "info"},
  {"message": "././././DMT1/Lectures/L04_nat_arithmetic/demo.lean:49:0: 0",
   "level": "info"},
  {"message": "././././DMT1/Lectures/L04_nat_arithmetic/demo.lean:53:0: 5",
   "level": "info"},
  {"message": "././././DMT1/Lectures/L04_nat_arithmetic/demo.lean:54:0: 2",
   "level": "info"},
  {"message": "././././DMT1/Lectures/L04_nat_arithmetic/demo.lean:55:0: 5",
   "level": "info"},
  {"message": "././././DMT1/Lectures/L04_nat_arithmetic/demo.lean:56:0: 9",
   "level": "info"},
  {"message": "././././DMT1/Lectures/L04_nat_arithmetic/demo.lean:57:0: 0",
   "level": "info"},
  {"message": "././././DMT1/Lectures/L04_nat_arithmetic/demo.lean:58:0: 0",
   "level": "info"},
  {"message": "././././DMT1/Lectures/L04_nat_arithmetic/demo.lean:59:0: 0",
   "level": "info"},
  {"message": "././././DMT1/Lectures/L04_nat_arithmetic/demo.lean:60:0: 0",
   "level": "info"},
  {"message": "././././DMT1/Lectures/L04_nat_arithmetic/demo.lean:61:0: 0",
   "level": "info"},
  {"message": "././././DMT1/Lectures/L04_nat_arithmetic/demo.lean:62:0: 0",
   "level": "info"},
  {"message": "././././DMT1/Lectures/L04_nat_arithmetic/demo.lean:66:0: 5",
   "level": "info"},
  {"message": "././././DMT1/Lectures/L04_nat_arithmetic/demo.lean:67:0: 0",
   "level": "info"},
  {"message": "././././DMT1/Lectures/L04_nat_arithmetic/demo.lean:68:0: 0",
   "level": "info"},
  {"message": "././././DMT1/Lectures/L04_nat_arithmetic/demo.lean:69:0: 0",
   "level": "info"},
  {"message": "././././DMT1/Lectures/L04_nat_arithmetic/demo.lean:70:0: 0",
   "level": "info"},
  {"message": "././././DMT1/Lectures/L04_nat_arithmetic/demo.lean:71:0: 0",
   "level": "info"},
  {"message": "././././DMT1/Lectures/L04_nat_arithmetic/demo.lean:83:0: 5",
   "level": "info"},
  {"message": "././././DMT1/Lectures/L04_nat_arithmetic/demo.lean:84:0: 2",
   "level": "info"},
  {"message": "././././DMT1/Lectures/L04_nat_arithmetic/demo.lean:85:0: 3",
   "level": "info"},
  {"message": "././././DMT1/Lectures/L04_nat_arithmetic/demo.lean:86:0: 0",
   "level": "info"},
  {"message": "././././DMT1/Lectures/L04_nat_arithmetic/demo.lean:87:0: 0",
   "level": "info"},
  {"message": "././././DMT1/Lectures/L04_nat_arithmetic/demo.lean:88:0: 0",
   "level": "info"}],
 "depHash": "13053057163804177564"}