{"log":
 [{"message":
   ".> LEAN_PATH=././.lake/packages/Cli/.lake/build/lib:././.lake/packages/batteries/.lake/build/lib:././.lake/packages/Qq/.lake/build/lib:././.lake/packages/aesop/.lake/build/lib:././.lake/packages/proofwidgets/.lake/build/lib:././.lake/packages/importGraph/.lake/build/lib:././.lake/packages/LeanSearchClient/.lake/build/lib:././.lake/packages/plausible/.lake/build/lib:././.lake/packages/mathlib/.lake/build/lib:././.lake/build/lib DYLD_LIBRARY_PATH=././.lake/build/lib:././.lake/packages/mathlib/.lake/build/lib:././.lake/packages/plausible/.lake/build/lib:././.lake/packages/LeanSearchClient/.lake/build/lib:././.lake/packages/importGraph/.lake/build/lib:././.lake/packages/proofwidgets/.lake/build/lib:././.lake/packages/aesop/.lake/build/lib:././.lake/packages/Qq/.lake/build/lib:././.lake/packages/batteries/.lake/build/lib:././.lake/packages/Cli/.lake/build/lib:/Users/sullivan/.elan/toolchains/leanprover--lean4---v4.16.0-rc2/lib/lean:/Users/sullivan/.elan/toolchains/leanprover--lean4---v4.16.0-rc2/lib /Users/sullivan/.elan/toolchains/leanprover--lean4---v4.16.0-rc2/bin/lean ././././DMT1/Lectures/L04_nat_arithmetic/examples.lean -R ./././. -o ././.lake/build/lib/DMT1/Lectures/L04_nat_arithmetic/examples.olean -i ././.lake/build/lib/DMT1/Lectures/L04_nat_arithmetic/examples.ilean -c ././.lake/build/ir/DMT1/Lectures/L04_nat_arithmetic/examples.c --json",
   "level": "trace"},
  {"message": "././././DMT1/Lectures/L04_nat_arithmetic/examples.lean:28:0: 3",
   "level": "info"},
  {"message": "././././DMT1/Lectures/L04_nat_arithmetic/examples.lean:29:0: 3",
   "level": "info"},
  {"message": "././././DMT1/Lectures/L04_nat_arithmetic/examples.lean:30:0: 3",
   "level": "info"},
  {"message": "././././DMT1/Lectures/L04_nat_arithmetic/examples.lean:31:0: 0",
   "level": "info"},
  {"message": "././././DMT1/Lectures/L04_nat_arithmetic/examples.lean:32:0: 0",
   "level": "info"},
  {"message": "././././DMT1/Lectures/L04_nat_arithmetic/examples.lean:33:0: 2",
   "level": "info"},
  {"message": "././././DMT1/Lectures/L04_nat_arithmetic/examples.lean:34:0: 3",
   "level": "info"},
  {"message": "././././DMT1/Lectures/L04_nat_arithmetic/examples.lean:35:0: 0",
   "level": "info"},
  {"message": "././././DMT1/Lectures/L04_nat_arithmetic/examples.lean:42:0: 0",
   "level": "info"},
  {"message": "././././DMT1/Lectures/L04_nat_arithmetic/examples.lean:43:0: 0",
   "level": "info"},
  {"message": "././././DMT1/Lectures/L04_nat_arithmetic/examples.lean:44:0: 0",
   "level": "info"},
  {"message": "././././DMT1/Lectures/L04_nat_arithmetic/examples.lean:47:0: 0",
   "level": "info"}],
 "depHash": "14588190790799540212"}