{"log":
 [{"message":
   ".> LEAN_PATH=././.lake/build/lib DYLD_LIBRARY_PATH=././.lake/build/lib:/Users/sullivan/.elan/toolchains/leanprover--lean4---stable/lib/lean:/Users/sullivan/.elan/toolchains/leanprover--lean4---stable/lib /Users/sullivan/.elan/toolchains/leanprover--lean4---stable/bin/lean ././././DMT1/Lectures/L02_propLogic/formal/interpretation.lean -R ./././. -o ././.lake/build/lib/DMT1/Lectures/L02_propLogic/formal/interpretation.olean -i ././.lake/build/lib/DMT1/Lectures/L02_propLogic/formal/interpretation.ilean -c ././.lake/build/ir/DMT1/Lectures/L02_propLogic/formal/interpretation.c --json",
   "level": "trace"},
  {"message":
   "././././DMT1/Lectures/L02_propLogic/formal/interpretation.lean:31:41: unused variable `v`\nnote: this linter can be disabled with `set_option linter.unusedVariables false`",
   "level": "warning"},
  {"message":
   "././././DMT1/Lectures/L02_propLogic/formal/interpretation.lean:50:0: false",
   "level": "info"},
  {"message":
   "././././DMT1/Lectures/L02_propLogic/formal/interpretation.lean:51:0: true",
   "level": "info"},
  {"message":
   "././././DMT1/Lectures/L02_propLogic/formal/interpretation.lean:52:0: true",
   "level": "info"},
  {"message":
   "././././DMT1/Lectures/L02_propLogic/formal/interpretation.lean:53:0: false",
   "level": "info"},
  {"message":
   "././././DMT1/Lectures/L02_propLogic/formal/interpretation.lean:60:0: true",
   "level": "info"},
  {"message":
   "././././DMT1/Lectures/L02_propLogic/formal/interpretation.lean:61:0: false",
   "level": "info"},
  {"message":
   "././././DMT1/Lectures/L02_propLogic/formal/interpretation.lean:62:0: true",
   "level": "info"},
  {"message":
   "././././DMT1/Lectures/L02_propLogic/formal/interpretation.lean:63:0: false",
   "level": "info"},
  {"message":
   "././././DMT1/Lectures/L02_propLogic/formal/interpretation.lean:82:0: false",
   "level": "info"},
  {"message":
   "././././DMT1/Lectures/L02_propLogic/formal/interpretation.lean:83:0: true",
   "level": "info"},
  {"message":
   "././././DMT1/Lectures/L02_propLogic/formal/interpretation.lean:84:0: false",
   "level": "info"},
  {"message":
   "././././DMT1/Lectures/L02_propLogic/formal/interpretation.lean:85:0: true",
   "level": "info"},
  {"message":
   "././././DMT1/Lectures/L02_propLogic/formal/interpretation.lean:170:0: false",
   "level": "info"},
  {"message":
   "././././DMT1/Lectures/L02_propLogic/formal/interpretation.lean:172:0: true",
   "level": "info"},
  {"message":
   "././././DMT1/Lectures/L02_propLogic/formal/interpretation.lean:216:0: true",
   "level": "info"},
  {"message":
   "././././DMT1/Lectures/L02_propLogic/formal/interpretation.lean:278:0: [false, false, false]",
   "level": "info"},
  {"message":
   "././././DMT1/Lectures/L02_propLogic/formal/interpretation.lean:299:0: [[true, true, true], [true, true, false], [true, false, true], [true, false, false], [false, true, true],\n  [false, true, false], [false, false, true], [false, false, false]]",
   "level": "info"},
  {"message":
   "././././DMT1/Lectures/L02_propLogic/formal/interpretation.lean:312:0: [[true, true, true, false, false], [true, true, false, false, false], [true, false, true, false, false],\n  [true, false, false, false, false], [false, true, true, false, false], [false, true, false, false, false],\n  [false, false, true, false, false], [false, false, false, false, false]]",
   "level": "info"},
  {"message":
   "././././DMT1/Lectures/L02_propLogic/formal/interpretation.lean:361:0: [[true, true, true], [true, true, false], [true, false, true], [true, false, false], [false, true, true],\n  [false, true, false], [false, false, true], [false, false, false]]",
   "level": "info"}],
 "depHash": "12121723517918517972"}