{"log":
 [{"message":
   ".> LEAN_PATH=././.lake/build/lib DYLD_LIBRARY_PATH=././.lake/build/lib:/Users/sullivan/.elan/toolchains/leanprover--lean4---stable/lib/lean:/Users/sullivan/.elan/toolchains/leanprover--lean4---stable/lib /Users/sullivan/.elan/toolchains/leanprover--lean4---stable/bin/lean ././././DMT1/Lectures/L03_nat_arithmetic/arithLang.lean -R ./././. -o ././.lake/build/lib/DMT1/Lectures/L03_nat_arithmetic/arithLang.olean -i ././.lake/build/lib/DMT1/Lectures/L03_nat_arithmetic/arithLang.ilean -c ././.lake/build/ir/DMT1/Lectures/L03_nat_arithmetic/arithLang.c --json",
   "level": "trace"},
  {"message":
   "././././DMT1/Lectures/L03_nat_arithmetic/arithLang.lean:64:39: unused variable `i`\nnote: this linter can be disabled with `set_option linter.unusedVariables false`",
   "level": "warning"},
  {"message":
   "././././DMT1/Lectures/L03_nat_arithmetic/arithLang.lean:66:17: unused variable `op`\nnote: this linter can be disabled with `set_option linter.unusedVariables false`",
   "level": "warning"},
  {"message":
   "././././DMT1/Lectures/L03_nat_arithmetic/arithLang.lean:66:20: unused variable `e`\nnote: this linter can be disabled with `set_option linter.unusedVariables false`",
   "level": "warning"},
  {"message":
   "././././DMT1/Lectures/L03_nat_arithmetic/arithLang.lean:66:38: unused variable `i`\nnote: this linter can be disabled with `set_option linter.unusedVariables false`",
   "level": "warning"},
  {"message":
   "././././DMT1/Lectures/L03_nat_arithmetic/arithLang.lean:67:18: unused variable `op`\nnote: this linter can be disabled with `set_option linter.unusedVariables false`",
   "level": "warning"},
  {"message":
   "././././DMT1/Lectures/L03_nat_arithmetic/arithLang.lean:67:21: unused variable `e1`\nnote: this linter can be disabled with `set_option linter.unusedVariables false`",
   "level": "warning"},
  {"message":
   "././././DMT1/Lectures/L03_nat_arithmetic/arithLang.lean:67:24: unused variable `e2`\nnote: this linter can be disabled with `set_option linter.unusedVariables false`",
   "level": "warning"},
  {"message":
   "././././DMT1/Lectures/L03_nat_arithmetic/arithLang.lean:67:38: unused variable `i`\nnote: this linter can be disabled with `set_option linter.unusedVariables false`",
   "level": "warning"}],
 "depHash": "12440422160304084234"}